<?xml version="1.0" encoding="UTF-8"?>
<!-- Generated by org.testng.reporters.JUnitReportReporter -->
<testsuite hostname="Macintosh.local" name="fr.neoxia.controller.attachmentFileTest" tests="2" failures="0" timestamp="4 Mar 2014 10:20:31 GMT" time="0,005" errors="0">
  <testcase name="testMapperAttachment" time="0,000" classname="fr.neoxia.controller.attachmentFileTest"/>
  <testcase name="testSetupNode" time="0,005" classname="fr.neoxia.controller.attachmentFileTest"/>
</testsuite>
